#
# There is insufficient memory for the Java Runtime Environment to continue.
# Native memory allocation (malloc) failed to allocate 2097152 bytes for AllocateHeap
# Possible reasons:
#   The system is out of physical RAM or swap space
#   The process is running with CompressedOops enabled, and the Java Heap may be blocking the growth of the native heap
# Possible solutions:
#   Reduce memory load on the system
#   Increase physical memory or swap space
#   Check if swap backing store is full
#   Decrease Java heap size (-Xmx/-Xms)
#   Decrease number of Java threads
#   Decrease Java thread stack sizes (-Xss)
#   Set larger code cache with -XX:ReservedCodeCacheSize=
#   JVM is running with Unscaled Compressed Oops mode in which the Java heap is
#     placed in the first 4GB address space. The Java Heap base address is the
#     maximum limit for the native heap growth. Please use -XX:HeapBaseMinAddress
#     to set the Java Heap base and to place the Java Heap above 4GB virtual address.
# This output file may be truncated or incomplete.
#
#  Out of Memory Error (allocation.cpp:44), pid=32024, tid=5576
#
# JRE version: OpenJDK Runtime Environment Temurin-17.0.10+7 (17.0.10+7) (build 17.0.10+7)
# Java VM: OpenJDK 64-Bit Server VM Temurin-17.0.10+7 (17.0.10+7, mixed mode, emulated-client, tiered, compressed oops, compressed class ptrs, g1 gc, windows-amd64)
# No core dump will be written. Minidumps are not enabled by default on client versions of Windows
#

---------------  S U M M A R Y ------------

Command Line: -XX:+HeapDumpOnOutOfMemoryError -Xmx1024m -Dsts.lsp.client=vscode -Dsts.log.file=/dev/null -XX:TieredStopAtLevel=1 -Xlog:jni+resolve=off -Dspring.config.location=file:c:\Users\inclu\.vscode\extensions\vmware.vscode-spring-boot-1.53.0\language-server\BOOT-INF\classes\application.properties org.springframework.ide.vscode.boot.app.BootLanguageServerBootApp

Host: Intel(R) Core(TM) i5-1035G1 CPU @ 1.00GHz, 8 cores, 11G,  Windows 11 , 64 bit Build 22621 (10.0.22621.3374)
Time: Tue Apr 30 14:40:20 2024 Afrique de l, 64 bit Build 22621 (10.0.22621.3374) elapsed time: 22388.004744 seconds (0d 6h 13m 8s)

---------------  T H R E A D  ---------------

Current thread (0x0000020e456f8670):  VMThread "VM Thread" [stack: 0x0000002460000000,0x0000002460100000] [id=5576]

Stack: [0x0000002460000000,0x0000002460100000]
Native frames: (J=compiled Java code, j=interpreted, Vv=VM code, C=native code)
V  [jvm.dll+0x67d2c9]
V  [jvm.dll+0x834afa]
V  [jvm.dll+0x8365be]
V  [jvm.dll+0x836c23]
V  [jvm.dll+0x2477ff]
V  [jvm.dll+0xa6c93]
V  [jvm.dll+0x2f86f1]
V  [jvm.dll+0x2f42e0]
V  [jvm.dll+0x2dc8c7]
V  [jvm.dll+0x31fb87]
V  [jvm.dll+0x83b11b]
V  [jvm.dll+0x83be61]
V  [jvm.dll+0x83c37d]
V  [jvm.dll+0x83c754]
V  [jvm.dll+0x83c820]
V  [jvm.dll+0x7e3fba]
V  [jvm.dll+0x67c1b5]
C  [ucrtbase.dll+0x29333]
C  [KERNEL32.DLL+0x1257d]
C  [ntdll.dll+0x5aa48]

VM_Operation (0x00000024613fe8d0): G1CollectFull, mode: safepoint, requested by thread 0x0000020e4574cc00


---------------  P R O C E S S  ---------------

Threads class SMR info:
_java_thread_list=0x0000020e4be39d20, length=27, elements={
0x0000020e45722370, 0x0000020e456fa960, 0x0000020e45741ef0, 0x0000020e457449d0,
0x0000020e45749a60, 0x0000020e4574b7c0, 0x0000020e457507f0, 0x0000020e45774be0,
0x0000020e4574a380, 0x0000020e4574b2b0, 0x0000020e4574ada0, 0x0000020e4574cc00,
0x0000020e4574db30, 0x0000020e4574bcd0, 0x0000020e4574c1e0, 0x0000020e4574c6f0,
0x0000020e4b435a60, 0x0000020e4b4387f0, 0x0000020e4b436480, 0x0000020e4b436ea0,
0x0000020e4b431da0, 0x0000020e4b4331e0, 0x0000020e4b432cd0, 0x0000020e4b435f70,
0x0000020e4b439210, 0x0000020e4b434110, 0x0000020e4b434620
}

Java Threads: ( => current thread )
  0x0000020e45722370 JavaThread "Reference Handler" daemon [_thread_blocked, id=33092, stack(0x0000002460100000,0x0000002460200000)]
  0x0000020e456fa960 JavaThread "Finalizer" daemon [_thread_blocked, id=40420, stack(0x0000002460200000,0x0000002460300000)]
  0x0000020e45741ef0 JavaThread "Signal Dispatcher" daemon [_thread_blocked, id=35204, stack(0x0000002460300000,0x0000002460400000)]
  0x0000020e457449d0 JavaThread "Attach Listener" daemon [_thread_blocked, id=41872, stack(0x0000002460400000,0x0000002460500000)]
  0x0000020e45749a60 JavaThread "Service Thread" daemon [_thread_blocked, id=30096, stack(0x0000002460500000,0x0000002460600000)]
  0x0000020e4574b7c0 JavaThread "Monitor Deflation Thread" daemon [_thread_blocked, id=29648, stack(0x0000002460600000,0x0000002460700000)]
  0x0000020e457507f0 JavaThread "C1 CompilerThread0" daemon [_thread_blocked, id=18712, stack(0x0000002460700000,0x0000002460800000)]
  0x0000020e45774be0 JavaThread "Sweeper thread" daemon [_thread_blocked, id=22516, stack(0x0000002460800000,0x0000002460900000)]
  0x0000020e4574a380 JavaThread "Notification Thread" daemon [_thread_blocked, id=25160, stack(0x0000002460b00000,0x0000002460c00000)]
  0x0000020e4574b2b0 JavaThread "Common-Cleaner" daemon [_thread_blocked, id=23044, stack(0x0000002460d00000,0x0000002460e00000)]
  0x0000020e4574ada0 JavaThread "boundedElastic-evictor-1" daemon [_thread_blocked, id=41240, stack(0x0000002460900000,0x0000002460a00000)]
  0x0000020e4574cc00 JavaThread "pool-13-thread-1" [_thread_blocked, id=32752, stack(0x0000002461300000,0x0000002461400000)]
  0x0000020e4574db30 JavaThread "LanguageServerApp-lifecycle" [_thread_blocked, id=36944, stack(0x0000002461400000,0x0000002461500000)]
  0x0000020e4574bcd0 JavaThread "DestroyJavaVM" [_thread_blocked, id=27216, stack(0x000000245f900000,0x000000245fa00000)]
  0x0000020e4574c1e0 JavaThread "pool-14-thread-1" [_thread_in_native, id=39008, stack(0x0000002461500000,0x0000002461600000)]
  0x0000020e4574c6f0 JavaThread "Simple-Language-Server main thread" daemon [_thread_blocked, id=20596, stack(0x0000002461900000,0x0000002461a00000)]
  0x0000020e4b435a60 JavaThread "parallel-1" daemon [_thread_blocked, id=42240, stack(0x0000002461d00000,0x0000002461e00000)]
  0x0000020e4b4387f0 JavaThread "pool-6-thread-1" [_thread_blocked, id=41680, stack(0x0000002461e00000,0x0000002461f00000)]
  0x0000020e4b436480 JavaThread "parallel-2" daemon [_thread_blocked, id=16140, stack(0x0000002462200000,0x0000002462300000)]
  0x0000020e4b436ea0 JavaThread "pool-8-thread-1" [_thread_blocked, id=26848, stack(0x000000245f800000,0x000000245f900000)]
  0x0000020e4b431da0 JavaThread "parallel-3" daemon [_thread_blocked, id=32556, stack(0x000000245fa00000,0x000000245fb00000)]
  0x0000020e4b4331e0 JavaThread "Reconciler-1" daemon [_thread_blocked, id=27492, stack(0x0000002461c00000,0x0000002461d00000)]
  0x0000020e4b432cd0 JavaThread "parallel-4" daemon [_thread_blocked, id=36404, stack(0x0000002462100000,0x0000002462200000)]
  0x0000020e4b435f70 JavaThread "parallel-5" daemon [_thread_blocked, id=16232, stack(0x0000002462300000,0x0000002462400000)]
  0x0000020e4b439210 JavaThread "parallel-6" daemon [_thread_blocked, id=30432, stack(0x0000002462400000,0x0000002462500000)]
  0x0000020e4b434110 JavaThread "parallel-7" daemon [_thread_blocked, id=34804, stack(0x0000002462500000,0x0000002462600000)]
  0x0000020e4b434620 JavaThread "pool-3-thread-48" [_thread_blocked, id=36860, stack(0x0000002460e00000,0x0000002460f00000)]

Other Threads:
=>0x0000020e456f8670 VMThread "VM Thread" [stack: 0x0000002460000000,0x0000002460100000] [id=5576]
  0x0000020e459638a0 WatcherThread [stack: 0x0000002460c00000,0x0000002460d00000] [id=22064]
  0x0000020e3a8e83f0 GCTaskThread "GC Thread#0" [stack: 0x000000245fb00000,0x000000245fc00000] [id=22428]
  0x0000020e458ce2b0 GCTaskThread "GC Thread#1" [stack: 0x0000002460a00000,0x0000002460b00000] [id=10900]
  0x0000020e458ce570 GCTaskThread "GC Thread#2" [stack: 0x0000002460f00000,0x0000002461000000] [id=39144]
  0x0000020e458addb0 GCTaskThread "GC Thread#3" [stack: 0x0000002461000000,0x0000002461100000] [id=4496]
  0x0000020e4aa2b270 GCTaskThread "GC Thread#4" [stack: 0x0000002461100000,0x0000002461200000] [id=39712]
  0x0000020e4ab5fc60 GCTaskThread "GC Thread#5" [stack: 0x0000002461200000,0x0000002461300000] [id=28684]
  0x0000020e4ae4bcd0 GCTaskThread "GC Thread#6" [stack: 0x0000002461600000,0x0000002461700000] [id=24844]
  0x0000020e4ada6740 GCTaskThread "GC Thread#7" [stack: 0x0000002461700000,0x0000002461800000] [id=25540]
  0x0000020e3a8f1250 ConcurrentGCThread "G1 Main Marker" [stack: 0x000000245fc00000,0x000000245fd00000] [id=11884]
  0x0000020e3a8f2320 ConcurrentGCThread "G1 Conc#0" [stack: 0x000000245fd00000,0x000000245fe00000] [id=12672]
  0x0000020e4ae4c7a0 ConcurrentGCThread "G1 Conc#1" [stack: 0x0000002461800000,0x0000002461900000] [id=21048]
  0x0000020e45566100 ConcurrentGCThread "G1 Refine#0" [stack: 0x000000245fe00000,0x000000245ff00000] [id=7264]
  0x0000020e45567a50 ConcurrentGCThread "G1 Service" [stack: 0x000000245ff00000,0x0000002460000000] [id=17432]

Threads with active compile tasks:

VM state: at safepoint (normal execution)

VM Mutex/Monitor currently owned by a thread:  ([mutex/lock_event])
[0x0000020e386b52b0] Threads_lock - owner thread: 0x0000020e456f8670
[0x0000020e386b06e0] Heap_lock - owner thread: 0x0000020e4574cc00

Heap address: 0x00000000c0000000, size: 1024 MB, Compressed Oops mode: 32-bit

CDS archive(s) not mapped
Compressed class space mapped at: 0x0000000100000000-0x0000000140000000, reserved size: 1073741824
Narrow klass base: 0x0000000000000000, Narrow klass shift: 3, Narrow klass range: 0x140000000

GC Precious Log:
 CPUs: 8 total, 8 available
 Memory: 12083M
 Large Page Support: Disabled
 NUMA Support: Disabled
 Compressed Oops: Enabled (32-bit)
 Heap Region Size: 1M
 Heap Min Capacity: 8M
 Heap Initial Capacity: 190M
 Heap Max Capacity: 1G
 Pre-touch: Disabled
 Parallel Workers: 8
 Concurrent Workers: 2
 Concurrent Refinement Workers: 8
 Periodic GC: Disabled

Heap:
 garbage-first heap   total 89088K, used 29801K [0x00000000c0000000, 0x0000000100000000)
  region size 1024K, 1 young (1024K), 0 survivors (0K)
 Metaspace       used 58743K, committed 59136K, reserved 1114112K
  class space    used 7309K, committed 7488K, reserved 1048576K

Heap Regions: E=young(eden), S=young(survivor), O=old, HS=humongous(starts), HC=humongous(continues), CS=collection set, F=free, OA=open archive, CA=closed archive, TAMS=top-at-mark-start (previous, next)
|   0|0x00000000c0000000, 0x00000000c0100000, 0x00000000c0100000|100%|HS|  |TAMS 0x00000000c0100000, 0x00000000c0000000| Untracked 
|   1|0x00000000c0100000, 0x00000000c0200000, 0x00000000c0200000|100%|HC|  |TAMS 0x00000000c0200000, 0x00000000c0100000| Untracked 
|   2|0x00000000c0200000, 0x00000000c0300000, 0x00000000c0300000|100%|HC|  |TAMS 0x00000000c0300000, 0x00000000c0200000| Untracked 
|   3|0x00000000c0300000, 0x00000000c0400000, 0x00000000c0400000|100%|HC|  |TAMS 0x00000000c0400000, 0x00000000c0300000| Untracked 
|   4|0x00000000c0400000, 0x00000000c0500000, 0x00000000c0500000|100%|HS|  |TAMS 0x00000000c0500000, 0x00000000c0400000| Untracked 
|   5|0x00000000c0500000, 0x00000000c0600000, 0x00000000c0600000|100%|HC|  |TAMS 0x00000000c0600000, 0x00000000c0500000| Untracked 
|   6|0x00000000c0600000, 0x00000000c06ffff8, 0x00000000c0700000| 99%| O|  |TAMS 0x00000000c06ffff8, 0x00000000c0600000| Untracked 
|   7|0x00000000c0700000, 0x00000000c07fc550, 0x00000000c0800000| 98%| O|  |TAMS 0x00000000c07fc550, 0x00000000c0700000| Untracked 
|   8|0x00000000c0800000, 0x00000000c0900000, 0x00000000c0900000|100%| O|  |TAMS 0x00000000c0900000, 0x00000000c0800000| Untracked 
|   9|0x00000000c0900000, 0x00000000c0a00000, 0x00000000c0a00000|100%| O|  |TAMS 0x00000000c0a00000, 0x00000000c0900000| Untracked 
|  10|0x00000000c0a00000, 0x00000000c0b00000, 0x00000000c0b00000|100%| O|  |TAMS 0x00000000c0b00000, 0x00000000c0a00000| Untracked 
|  11|0x00000000c0b00000, 0x00000000c0bfa3e0, 0x00000000c0c00000| 97%| O|  |TAMS 0x00000000c0bfa3e0, 0x00000000c0b00000| Untracked 
|  12|0x00000000c0c00000, 0x00000000c0d00000, 0x00000000c0d00000|100%| O|  |TAMS 0x00000000c0d00000, 0x00000000c0c00000| Untracked 
|  13|0x00000000c0d00000, 0x00000000c0e00000, 0x00000000c0e00000|100%| O|  |TAMS 0x00000000c0e00000, 0x00000000c0d00000| Untracked 
|  14|0x00000000c0e00000, 0x00000000c0efffd8, 0x00000000c0f00000| 99%| O|  |TAMS 0x00000000c0efffd8, 0x00000000c0e00000| Untracked 
|  15|0x00000000c0f00000, 0x00000000c0fffff8, 0x00000000c1000000| 99%| O|  |TAMS 0x00000000c0fffff8, 0x00000000c0f00000| Untracked 
|  16|0x00000000c1000000, 0x00000000c10fffc0, 0x00000000c1100000| 99%| O|  |TAMS 0x00000000c10fffc0, 0x00000000c1000000| Untracked 
|  17|0x00000000c1100000, 0x00000000c11ffff0, 0x00000000c1200000| 99%| O|  |TAMS 0x00000000c11ffff0, 0x00000000c1100000| Untracked 
|  18|0x00000000c1200000, 0x00000000c1300000, 0x00000000c1300000|100%| O|  |TAMS 0x00000000c1300000, 0x00000000c1200000| Untracked 
|  19|0x00000000c1300000, 0x00000000c13fc760, 0x00000000c1400000| 98%| O|  |TAMS 0x00000000c13fc760, 0x00000000c1300000| Untracked 
|  20|0x00000000c1400000, 0x00000000c14ffff8, 0x00000000c1500000| 99%| O|  |TAMS 0x00000000c14ffff8, 0x00000000c1400000| Untracked 
|  21|0x00000000c1500000, 0x00000000c15ffff0, 0x00000000c1600000| 99%| O|  |TAMS 0x00000000c15ffff0, 0x00000000c1500000| Untracked 
|  22|0x00000000c1600000, 0x00000000c16ffc28, 0x00000000c1700000| 99%| O|  |TAMS 0x00000000c16ffc28, 0x00000000c1600000| Untracked 
|  23|0x00000000c1700000, 0x00000000c1800000, 0x00000000c1800000|100%| O|  |TAMS 0x00000000c1800000, 0x00000000c1700000| Untracked 
|  24|0x00000000c1800000, 0x00000000c18ffff8, 0x00000000c1900000| 99%| O|  |TAMS 0x00000000c18ffff8, 0x00000000c1800000| Untracked 
|  25|0x00000000c1900000, 0x00000000c1a00000, 0x00000000c1a00000|100%| O|  |TAMS 0x00000000c1a00000, 0x00000000c1900000| Untracked 
|  26|0x00000000c1a00000, 0x00000000c1afffe0, 0x00000000c1b00000| 99%| O|  |TAMS 0x00000000c1afffe0, 0x00000000c1a00000| Untracked 
|  27|0x00000000c1b00000, 0x00000000c1c00000, 0x00000000c1c00000|100%| O|  |TAMS 0x00000000c1c00000, 0x00000000c1b00000| Untracked 
|  28|0x00000000c1c00000, 0x00000000c1cf6f80, 0x00000000c1d00000| 96%| O|  |TAMS 0x00000000c1cf6f80, 0x00000000c1c00000| Untracked 
|  29|0x00000000c1d00000, 0x00000000c1d30b18, 0x00000000c1e00000| 19%| O|  |TAMS 0x00000000c1d00000, 0x00000000c1d00000| Untracked 
|  30|0x00000000c1e00000, 0x00000000c1e000f0, 0x00000000c1f00000|  0%| O|  |TAMS 0x00000000c1e00000, 0x00000000c1e00000| Untracked 
|  31|0x00000000c1f00000, 0x00000000c1f00000, 0x00000000c2000000|  0%| F|  |TAMS 0x00000000c1f00000, 0x00000000c1f00000| Untracked 
|  32|0x00000000c2000000, 0x00000000c2000000, 0x00000000c2100000|  0%| F|  |TAMS 0x00000000c2000000, 0x00000000c2000000| Untracked 
|  33|0x00000000c2100000, 0x00000000c2100000, 0x00000000c2200000|  0%| F|  |TAMS 0x00000000c2100000, 0x00000000c2100000| Untracked 
|  34|0x00000000c2200000, 0x00000000c2200000, 0x00000000c2300000|  0%| F|  |TAMS 0x00000000c2200000, 0x00000000c2200000| Untracked 
|  35|0x00000000c2300000, 0x00000000c2300000, 0x00000000c2400000|  0%| F|  |TAMS 0x00000000c2300000, 0x00000000c2300000| Untracked 
|  36|0x00000000c2400000, 0x00000000c2400000, 0x00000000c2500000|  0%| F|  |TAMS 0x00000000c2400000, 0x00000000c2400000| Untracked 
|  37|0x00000000c2500000, 0x00000000c2500000, 0x00000000c2600000|  0%| F|  |TAMS 0x00000000c2500000, 0x00000000c2500000| Untracked 
|  38|0x00000000c2600000, 0x00000000c2600000, 0x00000000c2700000|  0%| F|  |TAMS 0x00000000c2600000, 0x00000000c2600000| Untracked 
|  39|0x00000000c2700000, 0x00000000c2700000, 0x00000000c2800000|  0%| F|  |TAMS 0x00000000c2700000, 0x00000000c2700000| Untracked 
|  40|0x00000000c2800000, 0x00000000c2800000, 0x00000000c2900000|  0%| F|  |TAMS 0x00000000c2800000, 0x00000000c2800000| Untracked 
|  41|0x00000000c2900000, 0x00000000c2900000, 0x00000000c2a00000|  0%| F|  |TAMS 0x00000000c2900000, 0x00000000c2900000| Untracked 
|  42|0x00000000c2a00000, 0x00000000c2a00000, 0x00000000c2b00000|  0%| F|  |TAMS 0x00000000c2a00000, 0x00000000c2a00000| Untracked 
|  43|0x00000000c2b00000, 0x00000000c2b00000, 0x00000000c2c00000|  0%| F|  |TAMS 0x00000000c2b00000, 0x00000000c2b00000| Untracked 
|  44|0x00000000c2c00000, 0x00000000c2c00000, 0x00000000c2d00000|  0%| F|  |TAMS 0x00000000c2c00000, 0x00000000c2c00000| Untracked 
|  45|0x00000000c2d00000, 0x00000000c2d00000, 0x00000000c2e00000|  0%| F|  |TAMS 0x00000000c2d00000, 0x00000000c2d00000| Untracked 
|  46|0x00000000c2e00000, 0x00000000c2e00000, 0x00000000c2f00000|  0%| F|  |TAMS 0x00000000c2e00000, 0x00000000c2e00000| Untracked 
|  47|0x00000000c2f00000, 0x00000000c2f00000, 0x00000000c3000000|  0%| F|  |TAMS 0x00000000c2f00000, 0x00000000c2f00000| Untracked 
|  48|0x00000000c3000000, 0x00000000c3000000, 0x00000000c3100000|  0%| F|  |TAMS 0x00000000c3000000, 0x00000000c3000000| Untracked 
|  49|0x00000000c3100000, 0x00000000c3100000, 0x00000000c3200000|  0%| F|  |TAMS 0x00000000c3100000, 0x00000000c3100000| Untracked 
|  50|0x00000000c3200000, 0x00000000c3200000, 0x00000000c3300000|  0%| F|  |TAMS 0x00000000c3200000, 0x00000000c3200000| Untracked 
|  51|0x00000000c3300000, 0x00000000c3300000, 0x00000000c3400000|  0%| F|  |TAMS 0x00000000c3300000, 0x00000000c3300000| Untracked 
|  52|0x00000000c3400000, 0x00000000c3400000, 0x00000000c3500000|  0%| F|  |TAMS 0x00000000c3400000, 0x00000000c3400000| Untracked 
|  53|0x00000000c3500000, 0x00000000c3500000, 0x00000000c3600000|  0%| F|  |TAMS 0x00000000c3500000, 0x00000000c3500000| Untracked 
|  54|0x00000000c3600000, 0x00000000c3600000, 0x00000000c3700000|  0%| F|  |TAMS 0x00000000c3600000, 0x00000000c3600000| Untracked 
|  55|0x00000000c3700000, 0x00000000c3700000, 0x00000000c3800000|  0%| F|  |TAMS 0x00000000c3700000, 0x00000000c3700000| Untracked 
|  56|0x00000000c3800000, 0x00000000c3800000, 0x00000000c3900000|  0%| F|  |TAMS 0x00000000c3800000, 0x00000000c3800000| Untracked 
|  57|0x00000000c3900000, 0x00000000c3900000, 0x00000000c3a00000|  0%| F|  |TAMS 0x00000000c3900000, 0x00000000c3900000| Untracked 
|  58|0x00000000c3a00000, 0x00000000c3a00000, 0x00000000c3b00000|  0%| F|  |TAMS 0x00000000c3a00000, 0x00000000c3a00000| Untracked 
|  59|0x00000000c3b00000, 0x00000000c3b00000, 0x00000000c3c00000|  0%| F|  |TAMS 0x00000000c3b00000, 0x00000000c3b00000| Untracked 
|  60|0x00000000c3c00000, 0x00000000c3c00000, 0x00000000c3d00000|  0%| F|  |TAMS 0x00000000c3c00000, 0x00000000c3c00000| Untracked 
|  61|0x00000000c3d00000, 0x00000000c3d00000, 0x00000000c3e00000|  0%| F|  |TAMS 0x00000000c3d00000, 0x00000000c3d00000| Untracked 
|  62|0x00000000c3e00000, 0x00000000c3e00000, 0x00000000c3f00000|  0%| F|  |TAMS 0x00000000c3e00000, 0x00000000c3e00000| Untracked 
|  63|0x00000000c3f00000, 0x00000000c3f00000, 0x00000000c4000000|  0%| F|  |TAMS 0x00000000c3f00000, 0x00000000c3f00000| Untracked 
|  64|0x00000000c4000000, 0x00000000c4000000, 0x00000000c4100000|  0%| F|  |TAMS 0x00000000c4000000, 0x00000000c4000000| Untracked 
|  65|0x00000000c4100000, 0x00000000c4100000, 0x00000000c4200000|  0%| F|  |TAMS 0x00000000c4100000, 0x00000000c4100000| Untracked 
|  66|0x00000000c4200000, 0x00000000c4200000, 0x00000000c4300000|  0%| F|  |TAMS 0x00000000c4200000, 0x00000000c4200000| Untracked 
|  67|0x00000000c4300000, 0x00000000c4300000, 0x00000000c4400000|  0%| F|  |TAMS 0x00000000c4300000, 0x00000000c4300000| Untracked 
|  68|0x00000000c4400000, 0x00000000c4400000, 0x00000000c4500000|  0%| F|  |TAMS 0x00000000c4400000, 0x00000000c4400000| Untracked 
|  69|0x00000000c4500000, 0x00000000c4500000, 0x00000000c4600000|  0%| F|  |TAMS 0x00000000c4500000, 0x00000000c4500000| Untracked 
|  70|0x00000000c4600000, 0x00000000c4600000, 0x00000000c4700000|  0%| F|  |TAMS 0x00000000c4600000, 0x00000000c4600000| Untracked 
|  71|0x00000000c4700000, 0x00000000c4700000, 0x00000000c4800000|  0%| F|  |TAMS 0x00000000c4700000, 0x00000000c4700000| Untracked 
|  72|0x00000000c4800000, 0x00000000c4800000, 0x00000000c4900000|  0%| F|  |TAMS 0x00000000c4800000, 0x00000000c4800000| Untracked 
|  73|0x00000000c4900000, 0x00000000c4900000, 0x00000000c4a00000|  0%| F|  |TAMS 0x00000000c4900000, 0x00000000c4900000| Untracked 
|  74|0x00000000c4a00000, 0x00000000c4a00000, 0x00000000c4b00000|  0%| F|  |TAMS 0x00000000c4a00000, 0x00000000c4a00000| Untracked 
|  75|0x00000000c4b00000, 0x00000000c4b00000, 0x00000000c4c00000|  0%| F|  |TAMS 0x00000000c4b00000, 0x00000000c4b00000| Untracked 
|  76|0x00000000c4c00000, 0x00000000c4c00000, 0x00000000c4d00000|  0%| F|  |TAMS 0x00000000c4c00000, 0x00000000c4c00000| Untracked 
|  77|0x00000000c4d00000, 0x00000000c4d00000, 0x00000000c4e00000|  0%| F|  |TAMS 0x00000000c4d00000, 0x00000000c4d00000| Untracked 
|  78|0x00000000c4e00000, 0x00000000c4e00000, 0x00000000c4f00000|  0%| F|  |TAMS 0x00000000c4e00000, 0x00000000c4e00000| Untracked 
| 152|0x00000000c9800000, 0x00000000c9800000, 0x00000000c9900000|  0%| F|  |TAMS 0x00000000c9800000, 0x00000000c9800000| Untracked 
| 153|0x00000000c9900000, 0x00000000c9900000, 0x00000000c9a00000|  0%| F|  |TAMS 0x00000000c9900000, 0x00000000c9900000| Untracked 
| 154|0x00000000c9a00000, 0x00000000c9a00000, 0x00000000c9b00000|  0%| F|  |TAMS 0x00000000c9a00000, 0x00000000c9a00000| Untracked 
| 155|0x00000000c9b00000, 0x00000000c9b00000, 0x00000000c9c00000|  0%| F|  |TAMS 0x00000000c9b00000, 0x00000000c9b00000| Untracked 
| 156|0x00000000c9c00000, 0x00000000c9c00000, 0x00000000c9d00000|  0%| F|  |TAMS 0x00000000c9c00000, 0x00000000c9c00000| Untracked 
| 184|0x00000000cb800000, 0x00000000cb800000, 0x00000000cb900000|  0%| F|  |TAMS 0x00000000cb800000, 0x00000000cb800000| Untracked 
| 185|0x00000000cb900000, 0x00000000cb900000, 0x00000000cba00000|  0%| F|  |TAMS 0x00000000cb900000, 0x00000000cb900000| Untracked 
| 189|0x00000000cbd00000, 0x00000000cbd058a8, 0x00000000cbe00000|  2%| E|  |TAMS 0x00000000cbd00000, 0x00000000cbd00000| Complete 

Card table byte_map: [0x0000020e40840000,0x0000020e40a40000] _byte_map_base: 0x0000020e40240000

Marking Bits (Prev, Next): (CMBitMap*) 0x0000020e3a8e8920, (CMBitMap*) 0x0000020e3a8e8960
 Prev Bits: [0x0000020e40c40000, 0x0000020e41c40000)
 Next Bits: [0x0000020e41c40000, 0x0000020e42c40000)

Polling page: 0x0000020e389f0000

Metaspace:

Usage:
  Non-class:     50.23 MB used.
      Class:      7.14 MB used.
       Both:     57.37 MB used.

Virtual space:
  Non-class space:       64.00 MB reserved,      50.44 MB ( 79%) committed,  1 nodes.
      Class space:        1.00 GB reserved,       7.31 MB ( <1%) committed,  1 nodes.
             Both:        1.06 GB reserved,      57.75 MB (  5%) committed. 

Chunk freelists:
   Non-Class:  13.22 MB
       Class:  8.64 MB
        Both:  21.86 MB

MaxMetaspaceSize: unlimited
CompressedClassSpaceSize: 1.00 GB
Initial GC threshold: 21.00 MB
Current GC threshold: 96.19 MB
CDS: off
MetaspaceReclaimPolicy: balanced
 - commit_granule_bytes: 65536.
 - commit_granule_words: 8192.
 - virtual_space_node_default_size: 8388608.
 - enlarge_chunks_in_place: 1.
 - new_chunks_are_fully_committed: 0.
 - uncommit_free_chunks: 1.
 - use_allocation_guard: 0.
 - handle_deallocations: 1.


Internal statistics:

num_allocs_failed_limit: 20.
num_arena_births: 736.
num_arena_deaths: 286.
num_vsnodes_births: 2.
num_vsnodes_deaths: 0.
num_space_committed: 924.
num_space_uncommitted: 0.
num_chunks_returned_to_freelist: 355.
num_chunks_taken_from_freelist: 2711.
num_chunk_merges: 108.
num_chunk_splits: 1783.
num_chunks_enlarged: 1347.
num_inconsistent_stats: 0.

CodeCache: size=49152Kb used=13755Kb max_used=15316Kb free=35396Kb
 bounds [0x0000020e3d530000, 0x0000020e3e460000, 0x0000020e40530000]
 total_blobs=8143 nmethods=7469 adapters=599
 compilation: enabled
              stopped_count=0, restarted_count=0
 full_count=0

Compilation events (20 events):
Event: 16742.685 Thread 0x0000020e457507f0 7501       1       org.eclipse.lsp4j.jsonrpc.RemoteEndpoint::consume (73 bytes)
Event: 16742.691 Thread 0x0000020e457507f0 nmethod 7501 0x0000020e3e237090 code [0x0000020e3e237280, 0x0000020e3e237658]
Event: 17319.496 Thread 0x0000020e457507f0 7502   !   1       jdk.internal.reflect.GeneratedConstructorAccessor26::newInstance (49 bytes)
Event: 17319.508 Thread 0x0000020e457507f0 nmethod 7502 0x0000020e3e236a90 code [0x0000020e3e236c40, 0x0000020e3e236ec8]
Event: 17319.508 Thread 0x0000020e457507f0 7503   !   1       jdk.internal.reflect.GeneratedMethodAccessor5::invoke (67 bytes)
Event: 17319.581 Thread 0x0000020e457507f0 nmethod 7503 0x0000020e3e235010 code [0x0000020e3e235320, 0x0000020e3e235f48]
Event: 17691.957 Thread 0x0000020e457507f0 7504       1       org.eclipse.lsp4j.jsonrpc.RemoteEndpoint$$Lambda$725/0x0000000100508b60::apply (16 bytes)
Event: 17691.975 Thread 0x0000020e457507f0 nmethod 7504 0x0000020e3e234b10 code [0x0000020e3e234cc0, 0x0000020e3e234ec8]
Event: 17691.975 Thread 0x0000020e457507f0 7505   !   1       org.eclipse.lsp4j.jsonrpc.RemoteEndpoint::lambda$handleRequest$3 (32 bytes)
Event: 17691.975 Thread 0x0000020e457507f0 nmethod 7505 0x0000020e3e234690 code [0x0000020e3e234840, 0x0000020e3e234a08]
Event: 18556.064 Thread 0x0000020e457507f0 7506       1       org.springframework.ide.vscode.commons.languageserver.util.SimpleWorkspaceService$$Lambda$731/0x000000010050a498::apply (16 bytes)
Event: 18556.081 Thread 0x0000020e457507f0 nmethod 7506 0x0000020e3e234310 code [0x0000020e3e2344a0, 0x0000020e3e2345e8]
Event: 18556.081 Thread 0x0000020e457507f0 7507       1       org.springframework.ide.vscode.commons.languageserver.util.SimpleWorkspaceService::lambda$symbol$0 (68 bytes)
Event: 18556.139 Thread 0x0000020e457507f0 nmethod 7507 0x0000020e3e233390 code [0x0000020e3e233600, 0x0000020e3e233e08]
Event: 21023.472 Thread 0x0000020e457507f0 7513       1       java.util.concurrent.SynchronousQueue::isEmpty (2 bytes)
Event: 21023.476 Thread 0x0000020e457507f0 nmethod 7513 0x0000020e3e233090 code [0x0000020e3e233220, 0x0000020e3e2332f8]
Event: 21492.968 Thread 0x0000020e457507f0 7514       1       org.springframework.ide.vscode.boot.java.handlers.BootJavaWorkspaceSymbolHandler::handle (43 bytes)
Event: 21492.997 Thread 0x0000020e457507f0 nmethod 7514 0x0000020e3e232b90 code [0x0000020e3e232d60, 0x0000020e3e232f08]
Event: 21492.997 Thread 0x0000020e457507f0 7515   !   1       org.springframework.ide.vscode.boot.app.SpringSymbolIndex::getAllSymbols (82 bytes)
Event: 21493.046 Thread 0x0000020e457507f0 nmethod 7515 0x0000020e3e231d90 code [0x0000020e3e231fc0, 0x0000020e3e2326e8]

GC Heap History (20 events):
Event: 22223.567 GC heap before
{Heap before GC invocations=1676 (full 1637):
 garbage-first heap   total 89088K, used 29801K [0x00000000c0000000, 0x0000000100000000)
  region size 1024K, 1 young (1024K), 0 survivors (0K)
 Metaspace       used 58743K, committed 59136K, reserved 1114112K
  class space    used 7309K, committed 7488K, reserved 1048576K
}
Event: 22223.605 GC heap after
{Heap after GC invocations=1677 (full 1638):
 garbage-first heap   total 89088K, used 29801K [0x00000000c0000000, 0x0000000100000000)
  region size 1024K, 0 young (0K), 0 survivors (0K)
 Metaspace       used 58743K, committed 59136K, reserved 1114112K
  class space    used 7309K, committed 7488K, reserved 1048576K
}
Event: 22233.963 GC heap before
{Heap before GC invocations=1677 (full 1638):
 garbage-first heap   total 89088K, used 29801K [0x00000000c0000000, 0x0000000100000000)
  region size 1024K, 1 young (1024K), 0 survivors (0K)
 Metaspace       used 58743K, committed 59136K, reserved 1114112K
  class space    used 7309K, committed 7488K, reserved 1048576K
}
Event: 22233.989 GC heap after
{Heap after GC invocations=1678 (full 1639):
 garbage-first heap   total 89088K, used 29801K [0x00000000c0000000, 0x0000000100000000)
  region size 1024K, 0 young (0K), 0 survivors (0K)
 Metaspace       used 58743K, committed 59136K, reserved 1114112K
  class space    used 7309K, committed 7488K, reserved 1048576K
}
Event: 22244.321 GC heap before
{Heap before GC invocations=1678 (full 1639):
 garbage-first heap   total 89088K, used 29801K [0x00000000c0000000, 0x0000000100000000)
  region size 1024K, 1 young (1024K), 0 survivors (0K)
 Metaspace       used 58743K, committed 59136K, reserved 1114112K
  class space    used 7309K, committed 7488K, reserved 1048576K
}
Event: 22244.353 GC heap after
{Heap after GC invocations=1679 (full 1640):
 garbage-first heap   total 89088K, used 29801K [0x00000000c0000000, 0x0000000100000000)
  region size 1024K, 0 young (0K), 0 survivors (0K)
 Metaspace       used 58743K, committed 59136K, reserved 1114112K
  class space    used 7309K, committed 7488K, reserved 1048576K
}
Event: 22254.924 GC heap before
{Heap before GC invocations=1679 (full 1640):
 garbage-first heap   total 89088K, used 29801K [0x00000000c0000000, 0x0000000100000000)
  region size 1024K, 1 young (1024K), 0 survivors (0K)
 Metaspace       used 58743K, committed 59136K, reserved 1114112K
  class space    used 7309K, committed 7488K, reserved 1048576K
}
Event: 22254.969 GC heap after
{Heap after GC invocations=1680 (full 1641):
 garbage-first heap   total 89088K, used 29801K [0x00000000c0000000, 0x0000000100000000)
  region size 1024K, 0 young (0K), 0 survivors (0K)
 Metaspace       used 58743K, committed 59136K, reserved 1114112K
  class space    used 7309K, committed 7488K, reserved 1048576K
}
Event: 22265.284 GC heap before
{Heap before GC invocations=1680 (full 1641):
 garbage-first heap   total 89088K, used 29801K [0x00000000c0000000, 0x0000000100000000)
  region size 1024K, 1 young (1024K), 0 survivors (0K)
 Metaspace       used 58743K, committed 59136K, reserved 1114112K
  class space    used 7309K, committed 7488K, reserved 1048576K
}
Event: 22265.316 GC heap after
{Heap after GC invocations=1681 (full 1642):
 garbage-first heap   total 89088K, used 29801K [0x00000000c0000000, 0x0000000100000000)
  region size 1024K, 0 young (0K), 0 survivors (0K)
 Metaspace       used 58743K, committed 59136K, reserved 1114112K
  class space    used 7309K, committed 7488K, reserved 1048576K
}
Event: 22275.624 GC heap before
{Heap before GC invocations=1681 (full 1642):
 garbage-first heap   total 89088K, used 29801K [0x00000000c0000000, 0x0000000100000000)
  region size 1024K, 1 young (1024K), 0 survivors (0K)
 Metaspace       used 58743K, committed 59136K, reserved 1114112K
  class space    used 7309K, committed 7488K, reserved 1048576K
}
Event: 22275.660 GC heap after
{Heap after GC invocations=1682 (full 1643):
 garbage-first heap   total 89088K, used 29801K [0x00000000c0000000, 0x0000000100000000)
  region size 1024K, 0 young (0K), 0 survivors (0K)
 Metaspace       used 58743K, committed 59136K, reserved 1114112K
  class space    used 7309K, committed 7488K, reserved 1048576K
}
Event: 22286.114 GC heap before
{Heap before GC invocations=1682 (full 1643):
 garbage-first heap   total 89088K, used 29801K [0x00000000c0000000, 0x0000000100000000)
  region size 1024K, 1 young (1024K), 0 survivors (0K)
 Metaspace       used 58743K, committed 59136K, reserved 1114112K
  class space    used 7309K, committed 7488K, reserved 1048576K
}
Event: 22286.157 GC heap after
{Heap after GC invocations=1683 (full 1644):
 garbage-first heap   total 89088K, used 29801K [0x00000000c0000000, 0x0000000100000000)
  region size 1024K, 0 young (0K), 0 survivors (0K)
 Metaspace       used 58743K, committed 59136K, reserved 1114112K
  class space    used 7309K, committed 7488K, reserved 1048576K
}
Event: 22296.493 GC heap before
{Heap before GC invocations=1683 (full 1644):
 garbage-first heap   total 89088K, used 29801K [0x00000000c0000000, 0x0000000100000000)
  region size 1024K, 1 young (1024K), 0 survivors (0K)
 Metaspace       used 58743K, committed 59136K, reserved 1114112K
  class space    used 7309K, committed 7488K, reserved 1048576K
}
Event: 22296.524 GC heap after
{Heap after GC invocations=1684 (full 1645):
 garbage-first heap   total 89088K, used 29801K [0x00000000c0000000, 0x0000000100000000)
  region size 1024K, 0 young (0K), 0 survivors (0K)
 Metaspace       used 58743K, committed 59136K, reserved 1114112K
  class space    used 7309K, committed 7488K, reserved 1048576K
}
Event: 22337.076 GC heap before
{Heap before GC invocations=1684 (full 1645):
 garbage-first heap   total 89088K, used 29801K [0x00000000c0000000, 0x0000000100000000)
  region size 1024K, 1 young (1024K), 0 survivors (0K)
 Metaspace       used 58743K, committed 59136K, reserved 1114112K
  class space    used 7309K, committed 7488K, reserved 1048576K
}
Event: 22337.117 GC heap after
{Heap after GC invocations=1685 (full 1646):
 garbage-first heap   total 89088K, used 29801K [0x00000000c0000000, 0x0000000100000000)
  region size 1024K, 0 young (0K), 0 survivors (0K)
 Metaspace       used 58743K, committed 59136K, reserved 1114112K
  class space    used 7309K, committed 7488K, reserved 1048576K
}
Event: 22377.750 GC heap before
{Heap before GC invocations=1685 (full 1646):
 garbage-first heap   total 89088K, used 29801K [0x00000000c0000000, 0x0000000100000000)
  region size 1024K, 1 young (1024K), 0 survivors (0K)
 Metaspace       used 58743K, committed 59136K, reserved 1114112K
  class space    used 7309K, committed 7488K, reserved 1048576K
}
Event: 22377.866 GC heap after
{Heap after GC invocations=1686 (full 1647):
 garbage-first heap   total 89088K, used 29801K [0x00000000c0000000, 0x0000000100000000)
  region size 1024K, 0 young (0K), 0 survivors (0K)
 Metaspace       used 58743K, committed 59136K, reserved 1114112K
  class space    used 7309K, committed 7488K, reserved 1048576K
}

Dll operation events (10 events):
Event: 0.017 Loaded shared library c:\Users\inclu\.vscode\extensions\redhat.java-1.30.0-win32-x64\jre\17.0.10-win32-x86_64\bin\java.dll
Event: 0.729 Loaded shared library C:\Users\inclu\.vscode\extensions\redhat.java-1.30.0-win32-x64\jre\17.0.10-win32-x86_64\bin\net.dll
Event: 0.732 Loaded shared library C:\Users\inclu\.vscode\extensions\redhat.java-1.30.0-win32-x64\jre\17.0.10-win32-x86_64\bin\nio.dll
Event: 1.618 Loaded shared library C:\Users\inclu\.vscode\extensions\redhat.java-1.30.0-win32-x64\jre\17.0.10-win32-x86_64\bin\zip.dll
Event: 21.129 Loaded shared library C:\Users\inclu\.vscode\extensions\redhat.java-1.30.0-win32-x64\jre\17.0.10-win32-x86_64\bin\jimage.dll
Event: 25.327 Loaded shared library c:\Users\inclu\.vscode\extensions\redhat.java-1.30.0-win32-x64\jre\17.0.10-win32-x86_64\bin\verify.dll
Event: 36.858 Loaded shared library C:\Users\inclu\.vscode\extensions\redhat.java-1.30.0-win32-x64\jre\17.0.10-win32-x86_64\bin\management.dll
Event: 36.866 Loaded shared library C:\Users\inclu\.vscode\extensions\redhat.java-1.30.0-win32-x64\jre\17.0.10-win32-x86_64\bin\management_ext.dll
Event: 39.005 Loaded shared library C:\Users\inclu\.vscode\extensions\redhat.java-1.30.0-win32-x64\jre\17.0.10-win32-x86_64\bin\sunmscapi.dll
Event: 39.501 Loaded shared library C:\Users\inclu\.vscode\extensions\redhat.java-1.30.0-win32-x64\jre\17.0.10-win32-x86_64\bin\extnet.dll

Deoptimization events (14 events):
Event: 38.142 Thread 0x0000020e4574c6f0 DEOPT PACKING pc=0x0000020e3dae8281 sp=0x00000024619fdad0
Event: 38.142 Thread 0x0000020e4574c6f0 DEOPT UNPACKING pc=0x0000020e3d58ace3 sp=0x00000024619fcf60 mode 3
Event: 38.198 Thread 0x0000020e4574c6f0 DEOPT PACKING pc=0x0000020e3dac3997 sp=0x00000024619fee00
Event: 38.198 Thread 0x0000020e4574c6f0 DEOPT UNPACKING pc=0x0000020e3d58ace3 sp=0x00000024619fe258 mode 3
Event: 39.120 Thread 0x0000020e4b4373b0 DEOPT PACKING pc=0x0000020e3d69c80c sp=0x00000024623fadf0
Event: 39.120 Thread 0x0000020e4b4373b0 DEOPT UNPACKING pc=0x0000020e3d58ace3 sp=0x00000024623fa2b8 mode 0
Event: 43.200 Thread 0x0000020e4b4387f0 DEOPT PACKING pc=0x0000020e3e0de10c sp=0x0000002461efe730
Event: 43.200 Thread 0x0000020e4b4387f0 DEOPT UNPACKING pc=0x0000020e3d58ace3 sp=0x0000002461efdcb0 mode 0
Event: 43.200 Thread 0x0000020e4b4387f0 DEOPT PACKING pc=0x0000020e3e0de10c sp=0x0000002461efe990
Event: 43.200 Thread 0x0000020e4b4387f0 DEOPT UNPACKING pc=0x0000020e3d58ace3 sp=0x0000002461efdf10 mode 0
Event: 43.208 Thread 0x0000020e4b4387f0 DEOPT PACKING pc=0x0000020e3e0de10c sp=0x0000002461efede0
Event: 43.208 Thread 0x0000020e4b4387f0 DEOPT UNPACKING pc=0x0000020e3d58ace3 sp=0x0000002461efe360 mode 0
Event: 226.789 Thread 0x0000020e4574c1e0 DEOPT PACKING pc=0x0000020e3dbc8154 sp=0x00000024615ff1e0
Event: 226.789 Thread 0x0000020e4574c1e0 DEOPT UNPACKING pc=0x0000020e3d58ace3 sp=0x00000024615fe688 mode 0

Classes unloaded (20 events):
Event: 590.805 Thread 0x0000020e456f8670 Unloading class 0x000000010071a000 'java/lang/invoke/LambdaForm$MH+0x000000010071a000'
Event: 839.924 Thread 0x0000020e456f8670 Unloading class 0x0000000100746c00 'java/lang/invoke/LambdaForm$MH+0x0000000100746c00'
Event: 839.924 Thread 0x0000020e456f8670 Unloading class 0x0000000100746800 'java/lang/invoke/LambdaForm$MH+0x0000000100746800'
Event: 839.924 Thread 0x0000020e456f8670 Unloading class 0x0000000100746400 'java/lang/invoke/LambdaForm$MH+0x0000000100746400'
Event: 839.924 Thread 0x0000020e456f8670 Unloading class 0x0000000100746000 'java/lang/invoke/LambdaForm$MH+0x0000000100746000'
Event: 839.924 Thread 0x0000020e456f8670 Unloading class 0x0000000100745c00 'java/lang/invoke/LambdaForm$MH+0x0000000100745c00'
Event: 839.924 Thread 0x0000020e456f8670 Unloading class 0x0000000100745800 'java/lang/invoke/LambdaForm$MH+0x0000000100745800'
Event: 839.924 Thread 0x0000020e456f8670 Unloading class 0x0000000100745000 'java/lang/invoke/LambdaForm$MH+0x0000000100745000'
Event: 839.924 Thread 0x0000020e456f8670 Unloading class 0x0000000100744c00 'java/lang/invoke/LambdaForm$MH+0x0000000100744c00'
Event: 839.924 Thread 0x0000020e456f8670 Unloading class 0x0000000100744800 'java/lang/invoke/LambdaForm$MH+0x0000000100744800'
Event: 839.924 Thread 0x0000020e456f8670 Unloading class 0x0000000100744400 'java/lang/invoke/LambdaForm$MH+0x0000000100744400'
Event: 1005.236 Thread 0x0000020e456f8670 Unloading class 0x0000000100745800 'java/lang/invoke/LambdaForm$MH+0x0000000100745800'
Event: 1005.236 Thread 0x0000020e456f8670 Unloading class 0x0000000100744400 'java/lang/invoke/LambdaForm$MH+0x0000000100744400'
Event: 1005.236 Thread 0x0000020e456f8670 Unloading class 0x0000000100745000 'java/lang/invoke/LambdaForm$MH+0x0000000100745000'
Event: 1066.466 Thread 0x0000020e456f8670 Unloading class 0x0000000100754c00 'java/lang/invoke/LambdaForm$MH+0x0000000100754c00'
Event: 1066.466 Thread 0x0000020e456f8670 Unloading class 0x0000000100754800 'java/lang/invoke/LambdaForm$MH+0x0000000100754800'
Event: 1066.466 Thread 0x0000020e456f8670 Unloading class 0x0000000100754400 'java/lang/invoke/LambdaForm$MH+0x0000000100754400'
Event: 1847.613 Thread 0x0000020e456f8670 Unloading class 0x0000000100758400 'java/lang/invoke/LambdaForm$MH+0x0000000100758400'
Event: 1847.614 Thread 0x0000020e456f8670 Unloading class 0x0000000100758000 'java/lang/invoke/LambdaForm$MH+0x0000000100758000'
Event: 1847.614 Thread 0x0000020e456f8670 Unloading class 0x0000000100755400 'java/lang/invoke/LambdaForm$MH+0x0000000100755400'

Classes redefined (0 events):
No events

Internal exceptions (20 events):
Event: 76.859 Thread 0x0000020e4574cc00 Exception <a 'java/lang/NoSuchMethodError'{0x00000000c4c024b0}: 'void java.lang.invoke.DirectMethodHandle$Holder.invokeStatic(java.lang.Object, long)'> (0x00000000c4c024b0) 
thrown [s\src\hotspot\share\interpreter\linkResolver.cpp, line 759]
Event: 76.860 Thread 0x0000020e4574cc00 Exception <a 'java/lang/NoSuchMethodError'{0x00000000c4c07858}: 'java.lang.Object java.lang.invoke.DirectMethodHandle$Holder.newInvokeSpecial(java.lang.Object, long)'> (0x00000000c4c07858) 
thrown [s\src\hotspot\share\interpreter\linkResolver.cpp, line 759]
Event: 341.413 Thread 0x0000020e4b435f70 Exception <a 'java/io/IOException'{0x00000000cbd83808}> (0x00000000cbd83808) 
thrown [s\src\hotspot\share\prims\jni.cpp, line 516]
Event: 342.255 Thread 0x0000020e4b431890 Exception <a 'java/io/IOException'{0x00000000cbd8dc70}> (0x00000000cbd8dc70) 
thrown [s\src\hotspot\share\prims\jni.cpp, line 516]
Event: 343.645 Thread 0x0000020e4b439210 Exception <a 'java/io/IOException'{0x00000000cbd1b928}> (0x00000000cbd1b928) 
thrown [s\src\hotspot\share\prims\jni.cpp, line 516]
Event: 530.930 Thread 0x0000020e4574c1e0 Exception <a 'java/lang/NoSuchMethodError'{0x00000000cbdd4fb8}: 'java.lang.Object java.lang.invoke.DirectMethodHandle$Holder.invokeStatic(java.lang.Object, java.lang.Object, java.lang.Object, int, java.lang.Object, java.lang.Object)'> (0x00000000cbdd4fb8) 
thrown [s\src\hotspot\share\interpreter\linkResolver.cpp, line 759]
Event: 531.531 Thread 0x0000020e4b4331e0 Exception <a 'java/lang/NoSuchMethodError'{0x00000000cb8d46c0}: 'java.lang.Object java.lang.invoke.DirectMethodHandle$Holder.newInvokeSpecial(java.lang.Object, java.lang.Object, java.lang.Object, java.lang.Object, java.lang.Object, long)'> (0x00000000cb8d46c0) 
thrown [s\src\hotspot\share\interpreter\linkResolver.cpp, line 759]
Event: 531.532 Thread 0x0000020e4b4331e0 Exception <a 'java/lang/NoSuchMethodError'{0x00000000cb8d8d30}: 'java.lang.Object java.lang.invoke.DirectMethodHandle$Holder.invokeSpecial(java.lang.Object, java.lang.Object, java.lang.Object, java.lang.Object, java.lang.Object, java.lang.Object, long)'> (0x00000000cb8d8d30) 
thrown [s\src\hotspot\share\interpreter\linkResolver.cpp, line 759]
Event: 779.798 Thread 0x0000020e4b4387f0 Exception <a 'sun/nio/fs/WindowsException'{0x00000000c9a43b18}> (0x00000000c9a43b18) 
thrown [s\src\hotspot\share\prims\jni.cpp, line 516]
Event: 779.800 Thread 0x0000020e4b4387f0 Exception <a 'sun/nio/fs/WindowsException'{0x00000000c9a44720}> (0x00000000c9a44720) 
thrown [s\src\hotspot\share\prims\jni.cpp, line 516]
Event: 779.800 Thread 0x0000020e4b4387f0 Exception <a 'sun/nio/fs/WindowsException'{0x00000000c9a452e0}> (0x00000000c9a452e0) 
thrown [s\src\hotspot\share\prims\jni.cpp, line 516]
Event: 779.800 Thread 0x0000020e4b4387f0 Exception <a 'sun/nio/fs/WindowsException'{0x00000000c9a45ee8}> (0x00000000c9a45ee8) 
thrown [s\src\hotspot\share\prims\jni.cpp, line 516]
Event: 779.800 Thread 0x0000020e4b4387f0 Exception <a 'sun/nio/fs/WindowsException'{0x00000000c9a46bc0}> (0x00000000c9a46bc0) 
thrown [s\src\hotspot\share\prims\jni.cpp, line 516]
Event: 779.801 Thread 0x0000020e4b4387f0 Exception <a 'sun/nio/fs/WindowsException'{0x00000000c9a47900}> (0x00000000c9a47900) 
thrown [s\src\hotspot\share\prims\jni.cpp, line 516]
Event: 1665.856 Thread 0x0000020e4b4387f0 Exception <a 'sun/nio/fs/WindowsException'{0x00000000c9c88af0}> (0x00000000c9c88af0) 
thrown [s\src\hotspot\share\prims\jni.cpp, line 516]
Event: 1665.859 Thread 0x0000020e4b4387f0 Exception <a 'sun/nio/fs/WindowsException'{0x00000000c9c896f8}> (0x00000000c9c896f8) 
thrown [s\src\hotspot\share\prims\jni.cpp, line 516]
Event: 1665.859 Thread 0x0000020e4b4387f0 Exception <a 'sun/nio/fs/WindowsException'{0x00000000c9c8a2b8}> (0x00000000c9c8a2b8) 
thrown [s\src\hotspot\share\prims\jni.cpp, line 516]
Event: 1665.859 Thread 0x0000020e4b4387f0 Exception <a 'sun/nio/fs/WindowsException'{0x00000000c9c8aec0}> (0x00000000c9c8aec0) 
thrown [s\src\hotspot\share\prims\jni.cpp, line 516]
Event: 1665.859 Thread 0x0000020e4b4387f0 Exception <a 'sun/nio/fs/WindowsException'{0x00000000c9c8bb98}> (0x00000000c9c8bb98) 
thrown [s\src\hotspot\share\prims\jni.cpp, line 516]
Event: 1665.859 Thread 0x0000020e4b4387f0 Exception <a 'sun/nio/fs/WindowsException'{0x00000000c9c8c8d8}> (0x00000000c9c8c8d8) 
thrown [s\src\hotspot\share\prims\jni.cpp, line 516]

VM Operations (20 events):
Event: 22223.606 Executing VM operation: G1CollectFull done
Event: 22233.963 Executing VM operation: G1CollectFull
Event: 22233.989 Executing VM operation: G1CollectFull done
Event: 22244.321 Executing VM operation: G1CollectFull
Event: 22244.353 Executing VM operation: G1CollectFull done
Event: 22254.924 Executing VM operation: G1CollectFull
Event: 22254.969 Executing VM operation: G1CollectFull done
Event: 22265.284 Executing VM operation: G1CollectFull
Event: 22265.316 Executing VM operation: G1CollectFull done
Event: 22275.623 Executing VM operation: G1CollectFull
Event: 22275.661 Executing VM operation: G1CollectFull done
Event: 22286.114 Executing VM operation: G1CollectFull
Event: 22286.157 Executing VM operation: G1CollectFull done
Event: 22296.493 Executing VM operation: G1CollectFull
Event: 22296.524 Executing VM operation: G1CollectFull done
Event: 22337.076 Executing VM operation: G1CollectFull
Event: 22337.117 Executing VM operation: G1CollectFull done
Event: 22377.747 Executing VM operation: G1CollectFull
Event: 22377.866 Executing VM operation: G1CollectFull done
Event: 22387.992 Executing VM operation: G1CollectFull

Events (20 events):
Event: 19872.707 Thread 0x0000020e4b4336f0 Thread exited: 0x0000020e4b4336f0
Event: 19990.547 Thread 0x0000020e4b4373b0 Thread added: 0x0000020e4b4373b0
Event: 20146.353 Thread 0x0000020e4b4373b0 Thread exited: 0x0000020e4b4373b0
Event: 20270.661 Thread 0x0000020e4b4373b0 Thread added: 0x0000020e4b4373b0
Event: 20330.678 Thread 0x0000020e4b4373b0 Thread exited: 0x0000020e4b4373b0
Event: 20343.535 Thread 0x0000020e4b4336f0 Thread added: 0x0000020e4b4336f0
Event: 20403.553 Thread 0x0000020e4b4336f0 Thread exited: 0x0000020e4b4336f0
Event: 20534.459 Thread 0x0000020e4b434620 Thread added: 0x0000020e4b434620
Event: 20627.279 Thread 0x0000020e4b434620 Thread exited: 0x0000020e4b434620
Event: 20631.862 Thread 0x0000020e4b4327c0 Thread added: 0x0000020e4b4327c0
Event: 20750.214 Thread 0x0000020e4b4327c0 Thread exited: 0x0000020e4b4327c0
Event: 20754.094 Thread 0x0000020e4b4327c0 Thread added: 0x0000020e4b4327c0
Event: 21023.473 Thread 0x0000020e4b4327c0 Thread exited: 0x0000020e4b4327c0
Event: 21183.546 Thread 0x0000020e4b4336f0 Thread added: 0x0000020e4b4336f0
Event: 21668.784 Thread 0x0000020e4b4336f0 Thread exited: 0x0000020e4b4336f0
Event: 21716.782 Thread 0x0000020e4b4327c0 Thread added: 0x0000020e4b4327c0
Event: 21804.196 Thread 0x0000020e4b4327c0 Thread exited: 0x0000020e4b4327c0
Event: 21807.692 Thread 0x0000020e4b435550 Thread added: 0x0000020e4b435550
Event: 22069.273 Thread 0x0000020e4b435550 Thread exited: 0x0000020e4b435550
Event: 22305.296 Thread 0x0000020e4b434620 Thread added: 0x0000020e4b434620


Dynamic libraries:
0x00007ff6a80c0000 - 0x00007ff6a80ce000 	c:\Users\inclu\.vscode\extensions\redhat.java-1.30.0-win32-x64\jre\17.0.10-win32-x86_64\bin\java.exe
0x00007ffc5d350000 - 0x00007ffc5d566000 	C:\WINDOWS\SYSTEM32\ntdll.dll
0x00007ffc5b490000 - 0x00007ffc5b554000 	C:\WINDOWS\System32\KERNEL32.DLL
0x00007ffc5a730000 - 0x00007ffc5aad7000 	C:\WINDOWS\System32\KERNELBASE.dll
0x00007ffc5ab80000 - 0x00007ffc5ac91000 	C:\WINDOWS\System32\ucrtbase.dll
0x00007ffc55710000 - 0x00007ffc55727000 	c:\Users\inclu\.vscode\extensions\redhat.java-1.30.0-win32-x64\jre\17.0.10-win32-x86_64\bin\jli.dll
0x00007ffc5b860000 - 0x00007ffc5ba0e000 	C:\WINDOWS\System32\USER32.dll
0x00007ffc5adc0000 - 0x00007ffc5ade6000 	C:\WINDOWS\System32\win32u.dll
0x00007ffc5d2d0000 - 0x00007ffc5d2f9000 	C:\WINDOWS\System32\GDI32.dll
0x00007ffc5adf0000 - 0x00007ffc5af09000 	C:\WINDOWS\System32\gdi32full.dll
0x00007ffc5aca0000 - 0x00007ffc5ad3a000 	C:\WINDOWS\System32\msvcp_win.dll
0x00007ffc55730000 - 0x00007ffc5574b000 	c:\Users\inclu\.vscode\extensions\redhat.java-1.30.0-win32-x64\jre\17.0.10-win32-x86_64\bin\VCRUNTIME140.dll
0x00007ffc47490000 - 0x00007ffc47723000 	C:\WINDOWS\WinSxS\amd64_microsoft.windows.common-controls_6595b64144ccf1df_6.0.22621.3235_none_270f74e173860f98\COMCTL32.dll
0x00007ffc5cf80000 - 0x00007ffc5d027000 	C:\WINDOWS\System32\msvcrt.dll
0x00007ffc5cf20000 - 0x00007ffc5cf51000 	C:\WINDOWS\System32\IMM32.DLL
0x00007ffc56df0000 - 0x00007ffc56dfc000 	c:\Users\inclu\.vscode\extensions\redhat.java-1.30.0-win32-x64\jre\17.0.10-win32-x86_64\bin\vcruntime140_1.dll
0x00007ffc2cd00000 - 0x00007ffc2cd8d000 	c:\Users\inclu\.vscode\extensions\redhat.java-1.30.0-win32-x64\jre\17.0.10-win32-x86_64\bin\msvcp140.dll
0x00007ffbc4c90000 - 0x00007ffbc58f2000 	c:\Users\inclu\.vscode\extensions\redhat.java-1.30.0-win32-x64\jre\17.0.10-win32-x86_64\bin\server\jvm.dll
0x00007ffc5b710000 - 0x00007ffc5b7c2000 	C:\WINDOWS\System32\ADVAPI32.dll
0x00007ffc5b560000 - 0x00007ffc5b608000 	C:\WINDOWS\System32\sechost.dll
0x00007ffc5ab50000 - 0x00007ffc5ab78000 	C:\WINDOWS\System32\bcrypt.dll
0x00007ffc5d090000 - 0x00007ffc5d1a5000 	C:\WINDOWS\System32\RPCRT4.dll
0x00007ffc5a540000 - 0x00007ffc5a58d000 	C:\WINDOWS\SYSTEM32\POWRPROF.dll
0x00007ffc3fec0000 - 0x00007ffc3fec9000 	C:\WINDOWS\SYSTEM32\WSOCK32.dll
0x00007ffc5be90000 - 0x00007ffc5bf01000 	C:\WINDOWS\System32\WS2_32.dll
0x00007ffc51bd0000 - 0x00007ffc51c04000 	C:\WINDOWS\SYSTEM32\WINMM.dll
0x00007ffc51660000 - 0x00007ffc5166a000 	C:\WINDOWS\SYSTEM32\VERSION.dll
0x00007ffc5a520000 - 0x00007ffc5a533000 	C:\WINDOWS\SYSTEM32\UMPDC.dll
0x00007ffc59670000 - 0x00007ffc59688000 	C:\WINDOWS\SYSTEM32\kernel.appcore.dll
0x00007ffc56de0000 - 0x00007ffc56dea000 	c:\Users\inclu\.vscode\extensions\redhat.java-1.30.0-win32-x64\jre\17.0.10-win32-x86_64\bin\jimage.dll
0x00007ffc57f60000 - 0x00007ffc58193000 	C:\WINDOWS\SYSTEM32\DBGHELP.DLL
0x00007ffc5c0d0000 - 0x00007ffc5c458000 	C:\WINDOWS\System32\combase.dll
0x00007ffc5ce30000 - 0x00007ffc5cf07000 	C:\WINDOWS\System32\OLEAUT32.dll
0x00007ffc44ff0000 - 0x00007ffc45022000 	C:\WINDOWS\SYSTEM32\dbgcore.DLL
0x00007ffc5ad40000 - 0x00007ffc5adb9000 	C:\WINDOWS\System32\bcryptPrimitives.dll
0x00007ffc55770000 - 0x00007ffc55795000 	c:\Users\inclu\.vscode\extensions\redhat.java-1.30.0-win32-x64\jre\17.0.10-win32-x86_64\bin\java.dll
0x00007ffc55810000 - 0x00007ffc55828000 	c:\Users\inclu\.vscode\extensions\redhat.java-1.30.0-win32-x64\jre\17.0.10-win32-x86_64\bin\zip.dll
0x00007ffc5c520000 - 0x00007ffc5cd7c000 	C:\WINDOWS\System32\SHELL32.dll
0x00007ffc58580000 - 0x00007ffc58e79000 	C:\WINDOWS\SYSTEM32\windows.storage.dll
0x00007ffc58440000 - 0x00007ffc5857e000 	C:\WINDOWS\SYSTEM32\wintypes.dll
0x00007ffc5b390000 - 0x00007ffc5b483000 	C:\WINDOWS\System32\SHCORE.dll
0x00007ffc5d030000 - 0x00007ffc5d08e000 	C:\WINDOWS\System32\shlwapi.dll
0x00007ffc5a5a0000 - 0x00007ffc5a5c1000 	C:\WINDOWS\SYSTEM32\profapi.dll
0x00007ffc461e0000 - 0x00007ffc461f9000 	C:\Users\inclu\.vscode\extensions\redhat.java-1.30.0-win32-x64\jre\17.0.10-win32-x86_64\bin\net.dll
0x00007ffc535d0000 - 0x00007ffc53706000 	C:\WINDOWS\SYSTEM32\WINHTTP.dll
0x00007ffc59ae0000 - 0x00007ffc59b49000 	C:\WINDOWS\system32\mswsock.dll
0x00007ffc2dd50000 - 0x00007ffc2dd66000 	C:\Users\inclu\.vscode\extensions\redhat.java-1.30.0-win32-x64\jre\17.0.10-win32-x86_64\bin\nio.dll
0x00007ffc51cb0000 - 0x00007ffc51cc0000 	c:\Users\inclu\.vscode\extensions\redhat.java-1.30.0-win32-x64\jre\17.0.10-win32-x86_64\bin\verify.dll
0x00007ffc59d00000 - 0x00007ffc59d1b000 	C:\WINDOWS\SYSTEM32\CRYPTSP.dll
0x00007ffc595d0000 - 0x00007ffc59605000 	C:\WINDOWS\system32\rsaenh.dll
0x00007ffc59ba0000 - 0x00007ffc59bc8000 	C:\WINDOWS\SYSTEM32\USERENV.dll
0x00007ffc59d20000 - 0x00007ffc59d2c000 	C:\WINDOWS\SYSTEM32\CRYPTBASE.dll
0x00007ffc59120000 - 0x00007ffc5914d000 	C:\WINDOWS\SYSTEM32\IPHLPAPI.DLL
0x00007ffc5c510000 - 0x00007ffc5c519000 	C:\WINDOWS\System32\NSI.dll
0x00007ffc53ca0000 - 0x00007ffc53cb9000 	C:\WINDOWS\SYSTEM32\dhcpcsvc6.DLL
0x00007ffc535b0000 - 0x00007ffc535cf000 	C:\WINDOWS\SYSTEM32\dhcpcsvc.DLL
0x00007ffc591a0000 - 0x00007ffc59299000 	C:\WINDOWS\SYSTEM32\DNSAPI.dll
0x00007ffc51860000 - 0x00007ffc51869000 	C:\Users\inclu\.vscode\extensions\redhat.java-1.30.0-win32-x64\jre\17.0.10-win32-x86_64\bin\management.dll
0x00007ffc3fcf0000 - 0x00007ffc3fcfb000 	C:\Users\inclu\.vscode\extensions\redhat.java-1.30.0-win32-x64\jre\17.0.10-win32-x86_64\bin\management_ext.dll
0x00007ffc5c500000 - 0x00007ffc5c508000 	C:\WINDOWS\System32\PSAPI.DLL
0x00007ffc55760000 - 0x00007ffc5576e000 	C:\Users\inclu\.vscode\extensions\redhat.java-1.30.0-win32-x64\jre\17.0.10-win32-x86_64\bin\sunmscapi.dll
0x00007ffc5af10000 - 0x00007ffc5b077000 	C:\WINDOWS\System32\CRYPT32.dll
0x00007ffc59f20000 - 0x00007ffc59f4e000 	C:\WINDOWS\SYSTEM32\ncrypt.dll
0x00007ffc59ee0000 - 0x00007ffc59f17000 	C:\WINDOWS\SYSTEM32\NTASN1.dll
0x00007ffc4ed70000 - 0x00007ffc4ed7a000 	C:\Windows\System32\rasadhlp.dll
0x00007ffc51270000 - 0x00007ffc512f3000 	C:\WINDOWS\System32\fwpuclnt.dll
0x00007ffc55750000 - 0x00007ffc55759000 	C:\Users\inclu\.vscode\extensions\redhat.java-1.30.0-win32-x64\jre\17.0.10-win32-x86_64\bin\extnet.dll

dbghelp: loaded successfully - version: 4.0.5 - missing functions: none
symbol engine: initialized successfully - sym options: 0x614 - pdb path: .;c:\Users\inclu\.vscode\extensions\redhat.java-1.30.0-win32-x64\jre\17.0.10-win32-x86_64\bin;C:\WINDOWS\SYSTEM32;C:\WINDOWS\WinSxS\amd64_microsoft.windows.common-controls_6595b64144ccf1df_6.0.22621.3235_none_270f74e173860f98;c:\Users\inclu\.vscode\extensions\redhat.java-1.30.0-win32-x64\jre\17.0.10-win32-x86_64\bin\server

VM Arguments:
jvm_args: -XX:+HeapDumpOnOutOfMemoryError -Xmx1024m -Dsts.lsp.client=vscode -Dsts.log.file=/dev/null -XX:TieredStopAtLevel=1 -Xlog:jni+resolve=off -Dspring.config.location=file:c:\Users\inclu\.vscode\extensions\vmware.vscode-spring-boot-1.53.0\language-server\BOOT-INF\classes\application.properties 
java_command: org.springframework.ide.vscode.boot.app.BootLanguageServerBootApp
java_class_path (initial): c:\Users\inclu\.vscode\extensions\vmware.vscode-spring-boot-1.53.0\language-server\BOOT-INF\classes;c:\Users\inclu\.vscode\extensions\vmware.vscode-spring-boot-1.53.0\language-server\BOOT-INF\lib\annotations-24.1.0.jar;c:\Users\inclu\.vscode\extensions\vmware.vscode-spring-boot-1.53.0\language-server\BOOT-INF\lib\antlr4-runtime-4.11.1.jar;c:\Users\inclu\.vscode\extensions\vmware.vscode-spring-boot-1.53.0\language-server\BOOT-INF\lib\asm-9.6.jar;c:\Users\inclu\.vscode\extensions\vmware.vscode-spring-boot-1.53.0\language-server\BOOT-INF\lib\asm-analysis-9.6.jar;c:\Users\inclu\.vscode\extensions\vmware.vscode-spring-boot-1.53.0\language-server\BOOT-INF\lib\asm-tree-9.6.jar;c:\Users\inclu\.vscode\extensions\vmware.vscode-spring-boot-1.53.0\language-server\BOOT-INF\lib\asm-util-9.6.jar;c:\Users\inclu\.vscode\extensions\vmware.vscode-spring-boot-1.53.0\language-server\BOOT-INF\lib\caffeine-3.1.8.jar;c:\Users\inclu\.vscode\extensions\vmware.vscode-spring-boot-1.53.0\language-server\BOOT-INF\lib\checker-qual-3.12.0.jar;c:\Users\inclu\.vscode\extensions\vmware.vscode-spring-boot-1.53.0\language-server\BOOT-INF\lib\classgraph-4.8.149.jar;c:\Users\inclu\.vscode\extensions\vmware.vscode-spring-boot-1.53.0\language-server\BOOT-INF\lib\commons-codec-1.16.1.jar;c:\Users\inclu\.vscode\extensions\vmware.vscode-spring-boot-1.53.0\language-server\BOOT-INF\lib\commons-compress-1.26.0.jar;c:\Users\inclu\.vscode\extensions\vmware.vscode-spring-boot-1.53.0\language-server\BOOT-INF\lib\commons-io-2.4.jar;c:\Users\inclu\.vscode\extensions\vmware.vscode-spring-boot-1.53.0\language-server\BOOT-INF\lib\commons-java-1.53.0-SNAPSHOT.jar;c:\Users\inclu\.vscode\extensions\vmware.vscode-spring-boot-1.53.0\language-server\BOOT-INF\lib\commons-lang3-3.13.0.jar;c:\Users\inclu\.vscode\extensions\vmware.vscode-spring-boot-1.53.0\language-server\BOOT-INF\lib\commons-language-server-1.53.0-SNAPSHOT.jar;c:\Users\inclu\.vscode\extensions\vmware.vscode-spring-boot-1.53.0\language
Launcher Type: SUN_STANDARD

[Global flags]
     intx CICompilerCount                          = 4                                         {product} {ergonomic}
     uint ConcGCThreads                            = 2                                         {product} {ergonomic}
     uint G1ConcRefinementThreads                  = 8                                         {product} {ergonomic}
   size_t G1HeapRegionSize                         = 1048576                                   {product} {ergonomic}
    uintx GCDrainStackTargetSize                   = 64                                        {product} {ergonomic}
     bool HeapDumpOnOutOfMemoryError               = true                                   {manageable} {command line}
   size_t InitialHeapSize                          = 199229440                                 {product} {ergonomic}
   size_t MarkStackSize                            = 4194304                                   {product} {ergonomic}
   size_t MaxHeapSize                              = 1073741824                                {product} {command line}
   size_t MaxNewSize                               = 643825664                                 {product} {ergonomic}
   size_t MinHeapDeltaBytes                        = 1048576                                   {product} {ergonomic}
   size_t MinHeapSize                              = 8388608                                   {product} {ergonomic}
    uintx NonProfiledCodeHeapSize                  = 0                                      {pd product} {ergonomic}
     bool ProfileInterpreter                       = false                                  {pd product} {command line}
    uintx ProfiledCodeHeapSize                     = 0                                      {pd product} {ergonomic}
   size_t SoftMaxHeapSize                          = 1073741824                             {manageable} {ergonomic}
     intx TieredStopAtLevel                        = 1                                         {product} {command line}
     bool UseCompressedClassPointers               = true                           {product lp64_product} {ergonomic}
     bool UseCompressedOops                        = true                           {product lp64_product} {ergonomic}
     bool UseG1GC                                  = true                                      {product} {ergonomic}
     bool UseLargePagesIndividualAllocation        = false                                  {pd product} {ergonomic}

Logging:
Log output configuration:
 #0: stdout all=warning,jni+resolve=off uptime,level,tags
 #1: stderr all=off uptime,level,tags

Environment Variables:
JAVA_HOME=C:\Program Files\Java\jdk-17
PATH=C:\ProgramData\Oracle\Java\javapath;C:\Program Files\Common Files\Oracle\Java\javapath;C:\Program Files (x86)\Common Files\Oracle\Java\javapath;C:\WINDOWS\system32;C:\WINDOWS;C:\WINDOWS\System32\Wbem;C:\WINDOWS\System32\WindowsPowerShell\v1.0\;C:\WINDOWS\System32\OpenSSH\;C:\Program Files\Git\cmd;C:\Program Files\Microsoft SQL Server\150\Tools\Binn\;C:\Program Files\Microsoft SQL Server\Client SDK\ODBC\170\Tools\Binn\;C:\Program Files\dotnet\;C:\Program Files\Apache Software Foundation\apache-maven-3.9.6\bin;C:\Program Files\Java\jdk-21.0.1;C:\Program Files\nodejs\;C:\Users\inclu\anaconda3;C:\Users\inclu\anaconda3\Library\mingw-w64\bin;C:\Users\inclu\anaconda3\Library\usr\bin;C:\Users\inclu\anaconda3\Library\bin;C:\Users\inclu\anaconda3\Scripts;C:\Users\inclu\AppData\Local\Microsoft\WindowsApps;C:\Users\inclu\AppData\Local\Programs\Microsoft VS Code\bin;C:\Program Files\heroku\bin;C:\Program Files\JetBrains\IntelliJ IDEA Community Edition 2023.2.5\bin;;C:\Program Files (x86)\Jar2Exe Wizard\;C:\Users\inclu\AppData\Local\GitHubDesktop\bin;C:\Users\inclu\.dotnet\tools;C:\Program Files\JetBrains\PyCharm Community Edition 2023.3.2\bin;;C:\Users\inclu\AppData\Roaming\npm;
USERNAME=inclu
OS=Windows_NT
PROCESSOR_IDENTIFIER=Intel64 Family 6 Model 126 Stepping 5, GenuineIntel
TMP=C:\Users\inclu\AppData\Local\Temp
TEMP=C:\Users\inclu\AppData\Local\Temp



Periodic native trim disabled


---------------  S Y S T E M  ---------------

OS:
 Windows 11 , 64 bit Build 22621 (10.0.22621.3374)
OS uptime: 3 days 9:30 hours
Hyper-V role detected

CPU: total 8 (initial active 8) (4 cores per cpu, 2 threads per core) family 6 model 126 stepping 5 microcode 0x86, cx8, cmov, fxsr, ht, mmx, 3dnowpref, sse, sse2, sse3, ssse3, sse4.1, sse4.2, popcnt, lzcnt, tsc, tscinvbit, avx, avx2, aes, erms, clmul, bmi1, bmi2, adx, avx512f, avx512dq, avx512cd, avx512bw, avx512vl, sha, fma, vzeroupper, avx512_vpopcntdq, avx512_vpclmulqdq, avx512_vaes, avx512_vnni, clflush, clflushopt, avx512_vbmi2, avx512_vbmi, hv
Processor Information for all 8 processors :
  Max Mhz: 1190, Current Mhz: 991, Mhz Limit: 987

Memory: 4k page, system-wide physical 12083M (414M free)
TotalPageFile size 42448M (AvailPageFile size 8M)
current process WorkingSet (physical memory assigned to process): 59M, peak: 219M
current process commit charge ("private bytes"): 258M, peak: 301M

vm_info: OpenJDK 64-Bit Server VM (17.0.10+7) for windows-amd64 JRE (17.0.10+7), built on Jan 16 2024 23:25:11 by "admin" with MS VC++ 16.10 / 16.11 (VS2019)

END.
